<?xml version="1.0" encoding="UTF-8"?>
<!-- Generated by org.testng.reporters.JUnitXMLReporter -->
<testsuite ignored="0" hostname="DESKTOP-SB17MVI" failures="0" tests="3" name="Default test" time="39.336" errors="0" timestamp="2024-01-15T00:21:23 IST">
  <testcase classname="com.vision.qa.orangeHrm.NewTest" name="healthCheck" time="9.144"/>
  <testcase classname="com.vision.qa.orangeHrm.NewTest" name="logOutTest" time="16.298"/>
  <testcase classname="com.vision.qa.orangeHrm.NewTest" name="loginTest" time="13.846"/>
</testsuite> <!-- Default test -->
