<?xml version="1.0" encoding="UTF-8"?>
<testng-results ignored="0" total="3" passed="3" failed="0" skipped="0">
  <reporter-output>
  </reporter-output>
  <suite started-at="2024-01-15T00:20:44 IST" name="Default suite" finished-at="2024-01-15T00:21:23 IST" duration-ms="39336">
    <groups>
    </groups>
    <test started-at="2024-01-15T00:20:44 IST" name="Default test" finished-at="2024-01-15T00:21:23 IST" duration-ms="39336">
      <class name="com.vision.qa.orangeHrm.NewTest">
        <test-method signature="healthCheck()[pri:0, instance:com.vision.qa.orangeHrm.NewTest@2235eaab]" started-at="2024-01-15T00:20:44 IST" name="healthCheck" finished-at="2024-01-15T00:20:53 IST" duration-ms="9144" status="PASS">
          <reporter-output>
          </reporter-output>
        </test-method> <!-- healthCheck -->
        <test-method signature="logOutTest()[pri:0, instance:com.vision.qa.orangeHrm.NewTest@2235eaab]" started-at="2024-01-15T00:20:53 IST" name="logOutTest" finished-at="2024-01-15T00:21:09 IST" duration-ms="16298" status="PASS">
          <reporter-output>
          </reporter-output>
        </test-method> <!-- logOutTest -->
        <test-method signature="loginTest()[pri:0, instance:com.vision.qa.orangeHrm.NewTest@2235eaab]" started-at="2024-01-15T00:21:09 IST" name="loginTest" finished-at="2024-01-15T00:21:23 IST" duration-ms="13846" status="PASS">
          <reporter-output>
          </reporter-output>
        </test-method> <!-- loginTest -->
      </class> <!-- com.vision.qa.orangeHrm.NewTest -->
    </test> <!-- Default test -->
  </suite> <!-- Default suite -->
</testng-results>
